<?xml version="1.0" encoding="UTF-8"?>
<!-- Generated by org.testng.reporters.JUnitReportReporter -->
<testsuite hostname="Acer-PC" name="samplrGitTest.SampleGitTest" tests="1" failures="0" timestamp="15 Apr 2018 05:55:41 GMT" time="73.380" errors="0">
  <testcase name="logintest" time="73.380" classname="samplrGitTest.SampleGitTest"/>
</testsuite> <!-- samplrGitTest.SampleGitTest -->
